<?xml version="1.0" encoding="UTF-8"?>
<!-- Generated by org.testng.reporters.JUnitReportReporter -->
<testsuite skipped="0" hostname="DELL3480-2236" name="HA.TestExecute.ResearchPublications" tests="1" failures="0" timestamp="28 Mar 2018 19:12:27 GMT" time="3.122" errors="0">
  <testcase name="ftest" time="3.122" classname="HA.TestExecute.ResearchPublications"/>
</testsuite> <!-- HA.TestExecute.ResearchPublications -->
