<?xml version="1.0" encoding="UTF-8"?>
<!-- Generated by org.testng.reporters.JUnitReportReporter -->
<testsuite skipped="0" hostname="DELL3480-2236" name="HA.TestExecute.Library" tests="1" failures="0" timestamp="29 Mar 2018 19:48:34 GMT" time="1.455" errors="0">
  <testcase name="ftest" time="1.455" classname="HA.TestExecute.Library"/>
</testsuite> <!-- HA.TestExecute.Library -->
