<?xml version="1.0" encoding="UTF-8"?>
<!-- Generated by org.testng.reporters.JUnitReportReporter -->
<testsuite skipped="0" hostname="DELL3480-2236" name="HA.TestExecute.Principal" tests="1" failures="0" timestamp="28 Mar 2018 05:46:35 GMT" time="2.405" errors="0">
  <testcase name="ftest" time="2.405" classname="HA.TestExecute.Principal"/>
</testsuite> <!-- HA.TestExecute.Principal -->
