<?xml version="1.0" encoding="UTF-8"?>
<!-- Generated by org.testng.reporters.JUnitReportReporter -->
<testsuite skipped="0" hostname="DELL3480-2236" name="HA.TestExecute.FacultyLogin" tests="1" failures="0" timestamp="29 Mar 2018 18:56:37 GMT" time="12.573" errors="0">
  <testcase name="ftest" time="12.573" classname="HA.TestExecute.FacultyLogin"/>
</testsuite> <!-- HA.TestExecute.FacultyLogin -->
