<?xml version="1.0" encoding="UTF-8"?>
<!-- Generated by org.testng.reporters.JUnitReportReporter -->
<testsuite skipped="0" hostname="DELL3480-2236" name="HA.TestExecute.RulesAndRegulations" tests="1" failures="0" timestamp="27 Mar 2018 09:00:35 GMT" time="1.726" errors="0">
  <testcase name="ftest" time="1.726" classname="HA.TestExecute.RulesAndRegulations"/>
</testsuite> <!-- HA.TestExecute.RulesAndRegulations -->
