<?xml version="1.0" encoding="UTF-8"?>
<!-- Generated by org.testng.reporters.JUnitReportReporter -->
<testsuite skipped="0" hostname="DELL3480-2235" name="HA.TestExecute.Form" tests="1" failures="0" timestamp="19 Feb 2018 06:08:49 GMT" time="4.026" errors="0">
  <testcase name="ftest" time="4.026" classname="HA.TestExecute.Form"/>
</testsuite> <!-- HA.TestExecute.Form -->
