<?xml version="1.0" encoding="UTF-8"?>
<!-- Generated by org.testng.reporters.JUnitReportReporter -->
<testsuite skipped="0" hostname="DELL3480-2236" name="HA.TestExecute.Sports" tests="1" failures="0" timestamp="29 Mar 2018 17:24:11 GMT" time="2.447" errors="0">
  <testcase name="ftest" time="2.447" classname="HA.TestExecute.Sports"/>
</testsuite> <!-- HA.TestExecute.Sports -->
