<?xml version="1.0" encoding="UTF-8"?>
<!-- Generated by org.testng.reporters.JUnitReportReporter -->
<testsuite skipped="0" hostname="DELL3480-2236" name="HA.TestExecute.AccountsAuditReports" tests="1" failures="0" timestamp="28 Mar 2018 09:28:33 GMT" time="2.968" errors="0">
  <testcase name="ftest" time="2.968" classname="HA.TestExecute.AccountsAuditReports"/>
</testsuite> <!-- HA.TestExecute.AccountsAuditReports -->
