<?xml version="1.0" encoding="UTF-8"?>
<!-- Generated by org.testng.reporters.JUnitReportReporter -->
<testsuite skipped="0" hostname="DELL3480-2236" name="HA.TestExecute.Facilities" tests="1" failures="0" timestamp="28 Mar 2018 08:50:38 GMT" time="3.252" errors="0">
  <testcase name="ftest" time="3.252" classname="HA.TestExecute.Facilities"/>
</testsuite> <!-- HA.TestExecute.Facilities -->
