<?xml version="1.0" encoding="UTF-8"?>
<!-- Generated by org.testng.reporters.JUnitReportReporter -->
<testsuite skipped="0" hostname="DELL3480-2236" name="HA.TestExecute.PlacementCellDetails" tests="1" failures="0" timestamp="29 Mar 2018 09:11:37 GMT" time="2.216" errors="0">
  <testcase name="ftest" time="2.216" classname="HA.TestExecute.PlacementCellDetails"/>
</testsuite> <!-- HA.TestExecute.PlacementCellDetails -->
