<?xml version="1.0" encoding="UTF-8"?>
<!-- Generated by org.testng.reporters.JUnitReportReporter -->
<testsuite skipped="0" hostname="DELL3480-2236" name="HA.TestExecute.CSE_HOD" tests="1" failures="0" timestamp="28 Mar 2018 10:06:27 GMT" time="2.392" errors="0">
  <testcase name="ftest" time="2.392" classname="HA.TestExecute.CSE_HOD"/>
</testsuite> <!-- HA.TestExecute.CSE_HOD -->
