<?xml version="1.0" encoding="UTF-8"?>
<!-- Generated by org.testng.reporters.JUnitReportReporter -->
<testsuite skipped="0" hostname="DELL3480-2236" name="HA.TestExecute.RandDHome" tests="1" failures="0" timestamp="28 Mar 2018 18:44:43 GMT" time="3.334" errors="0">
  <testcase name="ftest" time="3.334" classname="HA.TestExecute.RandDHome"/>
</testsuite> <!-- HA.TestExecute.RandDHome -->
