<?xml version="1.0" encoding="UTF-8"?>
<!-- Generated by org.testng.reporters.JUnitReportReporter -->
<testsuite skipped="0" hostname="DELL3480-2236" name="HA.TestExecute.CMRExamTimeTable" tests="1" failures="0" timestamp="27 Mar 2018 07:13:19 GMT" time="1.747" errors="0">
  <testcase name="ftest" time="1.747" classname="HA.TestExecute.CMRExamTimeTable"/>
</testsuite> <!-- HA.TestExecute.CMRExamTimeTable -->
