<?xml version="1.0" encoding="UTF-8"?>
<!-- Generated by org.testng.reporters.JUnitReportReporter -->
<testsuite skipped="0" hostname="DELL3480-2236" name="HA.TestExecute.AdmissionEnquiry" tests="1" failures="0" timestamp="29 Mar 2018 11:42:07 GMT" time="3.898" errors="0">
  <testcase name="ftest" time="3.898" classname="HA.TestExecute.AdmissionEnquiry"/>
</testsuite> <!-- HA.TestExecute.AdmissionEnquiry -->
