<?xml version="1.0" encoding="UTF-8"?>
<!-- Generated by org.testng.reporters.JUnitReportReporter -->
<testsuite skipped="0" hostname="DELL3480-2236" name="HA.TestExecute.CourseAndIntake" tests="1" failures="0" timestamp="27 Mar 2018 09:34:17 GMT" time="1.949" errors="0">
  <testcase name="ftest" time="1.949" classname="HA.TestExecute.CourseAndIntake"/>
</testsuite> <!-- HA.TestExecute.CourseAndIntake -->
