<?xml version="1.0" encoding="UTF-8"?>
<!-- Generated by org.testng.reporters.JUnitReportReporter -->
<testsuite skipped="0" hostname="DELL3480-2236" name="HA.TestExecute.Management" tests="1" failures="0" timestamp="28 Mar 2018 06:44:01 GMT" time="3.614" errors="0">
  <testcase name="ftest" time="3.614" classname="HA.TestExecute.Management"/>
</testsuite> <!-- HA.TestExecute.Management -->
