<?xml version="1.0" encoding="UTF-8"?>
<!-- Generated by org.testng.reporters.JUnitReportReporter -->
<testsuite skipped="0" hostname="DELL3480-2236" name="HA.TestExecute.ListOfStudentsPlaced" tests="1" failures="0" timestamp="29 Mar 2018 10:26:46 GMT" time="5.909" errors="0">
  <testcase name="ftest" time="5.909" classname="HA.TestExecute.ListOfStudentsPlaced"/>
</testsuite> <!-- HA.TestExecute.ListOfStudentsPlaced -->
