<?xml version="1.0" encoding="UTF-8"?>
<!-- Generated by org.testng.reporters.JUnitReportReporter -->
<testsuite skipped="0" hostname="DELL3480-2236" name="HA.TestExecute.TransportFacility" tests="1" failures="0" timestamp="29 Mar 2018 19:34:05 GMT" time="3.087" errors="0">
  <testcase name="ftest" time="3.087" classname="HA.TestExecute.TransportFacility"/>
</testsuite> <!-- HA.TestExecute.TransportFacility -->
