<?xml version="1.0" encoding="UTF-8"?>
<!-- Generated by org.testng.reporters.JUnitReportReporter -->
<testsuite skipped="0" hostname="DELL3480-2236" name="HA.TestExecute.ContactUs" tests="1" failures="0" timestamp="29 Mar 2018 19:10:44 GMT" time="18.376" errors="0">
  <testcase name="ftest" time="18.376" classname="HA.TestExecute.ContactUs"/>
</testsuite> <!-- HA.TestExecute.ContactUs -->
