<?xml version="1.0" encoding="UTF-8"?>
<!-- Generated by org.testng.reporters.JUnitReportReporter -->
<testsuite skipped="0" hostname="DELL3480-2236" name="HA.TestExecute.ResearchAreas" tests="1" failures="0" timestamp="28 Mar 2018 19:01:06 GMT" time="4.083" errors="0">
  <testcase name="ftest" time="4.083" classname="HA.TestExecute.ResearchAreas"/>
</testsuite> <!-- HA.TestExecute.ResearchAreas -->
