<?xml version="1.0" encoding="UTF-8"?>
<!-- Generated by org.testng.reporters.JUnitReportReporter -->
<testsuite skipped="0" hostname="DELL3480-2236" name="HA.TestExecute.Adminstrative_Officer" tests="1" failures="0" timestamp="28 Mar 2018 05:52:20 GMT" time="1.873" errors="0">
  <testcase name="ftest" time="1.873" classname="HA.TestExecute.Adminstrative_Officer"/>
</testsuite> <!-- HA.TestExecute.Adminstrative_Officer -->
